<?xml version="1.0" encoding="UTF-8"?>
<testsuite xmlns:xsi="http://www.w3.org/2001/XMLSchema-instance" xsi:noNamespaceSchemaLocation="https://maven.apache.org/surefire/maven-surefire-plugin/xsd/surefire-test-report.xsd" version="3.0.2" name="com.navyn.emissionlog.EmissionLogApplicationTests" time="24.579" tests="1" errors="0" skipped="0" failures="0">
  <properties>
[...]
</properties>
  <testcase name="contextLoads" classname="com.navyn.emissionlog.EmissionLogApplicationTests" time="1.379">
    <system-out><![CDATA[12:54:26.205 [main] INFO org.springframework.test.context.support.AnnotationConfigContextLoaderUtils -- Could not detect default configuration classes for test class [com.navyn.emissionlog.EmissionLogApplicationTests]: EmissionLogApplicationTests does not declare any static, non-private, non-final, nested classes annotated with @Configuration.
12:54:26.845 [main] INFO org.springframework.boot.test.context.SpringBootTestContextBootstrapper -- Found @SpringBootConfiguration com.navyn.emissionlog.EmissionLogApplication for test class com.navyn.emissionlog.EmissionLogApplicationTests
12:54:27.825 [main] INFO org.springframework.boot.devtools.restart.RestartApplicationListener -- Restart disabled due to context in which it is running

  .   ____          _            __ _ _
 /\\ / ___'_ __ _ _(_)_ __  __ _ \ \ \ \
( ( )\___ | '_ | '_| | '_ \/ _` | \ \ \ \
 \\/  ___)| |_)| | | | | || (_| |  ) ) ) )
  '  |____| .__|_| |_|_| |_\__, | / / / /
 =========|_|==============|___/=/_/_/_/

 :: Spring Boot ::                (v3.4.2)

2025-03-25T12:54:28.862+02:00  INFO 6375 --- [EmissionLog] [           main] c.n.e.EmissionLogApplicationTests        : Starting EmissionLogApplicationTests using Java 21.0.6 with PID 6375 (started by sugirayvan in /Users/sugirayvan/Documents/Code/EmissionsLog)
2025-03-25T12:54:28.864+02:00  INFO 6375 --- [EmissionLog] [           main] c.n.e.EmissionLogApplicationTests        : The following 1 profile is active: "dev"
2025-03-25T12:54:32.503+02:00  INFO 6375 --- [EmissionLog] [           main] .s.d.r.c.RepositoryConfigurationDelegate : Multiple Spring Data modules found, entering strict repository configuration mode
2025-03-25T12:54:32.507+02:00  INFO 6375 --- [EmissionLog] [           main] .s.d.r.c.RepositoryConfigurationDelegate : Bootstrapping Spring Data JDBC repositories in DEFAULT mode.
2025-03-25T12:54:32.667+02:00  INFO 6375 --- [EmissionLog] [           main] .RepositoryConfigurationExtensionSupport : Spring Data JDBC - Could not safely identify store assignment for repository candidate interface com.navyn.emissionlog.Repositories.ActivityDataRepository; If you want this repository to be a JDBC repository, consider annotating your entities with one of these annotations: org.springframework.data.relational.core.mapping.Table.
2025-03-25T12:54:32.669+02:00  INFO 6375 --- [EmissionLog] [           main] .RepositoryConfigurationExtensionSupport : Spring Data JDBC - Could not safely identify store assignment for repository candidate interface com.navyn.emissionlog.Repositories.ActivityRepository; If you want this repository to be a JDBC repository, consider annotating your entities with one of these annotations: org.springframework.data.relational.core.mapping.Table.
2025-03-25T12:54:32.671+02:00  INFO 6375 --- [EmissionLog] [           main] .RepositoryConfigurationExtensionSupport : Spring Data JDBC - Could not safely identify store assignment for repository candidate interface com.navyn.emissionlog.Repositories.EmissionFactorsRepository; If you want this repository to be a JDBC repository, consider annotating your entities with one of these annotations: org.springframework.data.relational.core.mapping.Table.
2025-03-25T12:54:32.673+02:00  INFO 6375 --- [EmissionLog] [           main] .RepositoryConfigurationExtensionSupport : Spring Data JDBC - Could not safely identify store assignment for repository candidate interface com.navyn.emissionlog.Repositories.FuelDataRepository; If you want this repository to be a JDBC repository, consider annotating your entities with one of these annotations: org.springframework.data.relational.core.mapping.Table.
2025-03-25T12:54:32.675+02:00  INFO 6375 --- [EmissionLog] [           main] .RepositoryConfigurationExtensionSupport : Spring Data JDBC - Could not safely identify store assignment for repository candidate interface com.navyn.emissionlog.Repositories.FuelRepository; If you want this repository to be a JDBC repository, consider annotating your entities with one of these annotations: org.springframework.data.relational.core.mapping.Table.
2025-03-25T12:54:32.678+02:00  INFO 6375 --- [EmissionLog] [           main] .RepositoryConfigurationExtensionSupport : Spring Data JDBC - Could not safely identify store assignment for repository candidate interface com.navyn.emissionlog.Repositories.RegionRepository; If you want this repository to be a JDBC repository, consider annotating your entities with one of these annotations: org.springframework.data.relational.core.mapping.Table.
2025-03-25T12:54:32.680+02:00  INFO 6375 --- [EmissionLog] [           main] .RepositoryConfigurationExtensionSupport : Spring Data JDBC - Could not safely identify store assignment for repository candidate interface com.navyn.emissionlog.Repositories.UserRepository; If you want this repository to be a JDBC repository, consider annotating your entities with one of these annotations: org.springframework.data.relational.core.mapping.Table.
2025-03-25T12:54:32.682+02:00  INFO 6375 --- [EmissionLog] [           main] .RepositoryConfigurationExtensionSupport : Spring Data JDBC - Could not safely identify store assignment for repository candidate interface com.navyn.emissionlog.Repositories.WorkspaceRepository; If you want this repository to be a JDBC repository, consider annotating your entities with one of these annotations: org.springframework.data.relational.core.mapping.Table.
2025-03-25T12:54:32.685+02:00  INFO 6375 --- [EmissionLog] [           main] .s.d.r.c.RepositoryConfigurationDelegate : Finished Spring Data repository scanning in 133 ms. Found 0 JDBC repository interfaces.
2025-03-25T12:54:32.716+02:00  INFO 6375 --- [EmissionLog] [           main] .s.d.r.c.RepositoryConfigurationDelegate : Multiple Spring Data modules found, entering strict repository configuration mode
2025-03-25T12:54:32.720+02:00  INFO 6375 --- [EmissionLog] [           main] .s.d.r.c.RepositoryConfigurationDelegate : Bootstrapping Spring Data JPA repositories in DEFAULT mode.
2025-03-25T12:54:32.844+02:00  INFO 6375 --- [EmissionLog] [           main] .s.d.r.c.RepositoryConfigurationDelegate : Finished Spring Data repository scanning in 95 ms. Found 8 JPA repository interfaces.
2025-03-25T12:54:34.742+02:00  INFO 6375 --- [EmissionLog] [           main] o.hibernate.jpa.internal.util.LogHelper  : HHH000204: Processing PersistenceUnitInfo [name: default]
2025-03-25T12:54:35.140+02:00  INFO 6375 --- [EmissionLog] [           main] org.hibernate.Version                    : HHH000412: Hibernate ORM core version 6.6.5.Final
2025-03-25T12:54:35.349+02:00  INFO 6375 --- [EmissionLog] [           main] o.h.c.internal.RegionFactoryInitiator    : HHH000026: Second-level cache disabled
2025-03-25T12:54:36.967+02:00  INFO 6375 --- [EmissionLog] [           main] o.s.o.j.p.SpringPersistenceUnitInfo      : No LoadTimeWeaver setup: ignoring JPA class transformer
2025-03-25T12:54:37.134+02:00  INFO 6375 --- [EmissionLog] [           main] com.zaxxer.hikari.HikariDataSource       : HikariPool-1 - Starting...
2025-03-25T12:54:37.914+02:00  INFO 6375 --- [EmissionLog] [           main] com.zaxxer.hikari.pool.HikariPool        : HikariPool-1 - Added connection org.postgresql.jdbc.PgConnection@9f2376f
2025-03-25T12:54:37.919+02:00  INFO 6375 --- [EmissionLog] [           main] com.zaxxer.hikari.HikariDataSource       : HikariPool-1 - Start completed.
2025-03-25T12:54:38.159+02:00  WARN 6375 --- [EmissionLog] [           main] org.hibernate.orm.deprecation            : HHH90000025: PostgreSQLDialect does not need to be specified explicitly using 'hibernate.dialect' (remove the property setting and it will be selected by default)
2025-03-25T12:54:38.208+02:00  INFO 6375 --- [EmissionLog] [           main] org.hibernate.orm.connections.pooling    : HHH10001005: Database info:
	Database JDBC URL [Connecting through datasource 'HikariDataSource (HikariPool-1)']
	Database driver: undefined/unknown
	Database version: 15.8
	Autocommit mode: undefined/unknown
	Isolation level: undefined/unknown
	Minimum pool size: undefined/unknown
	Maximum pool size: undefined/unknown
2025-03-25T12:54:42.701+02:00  INFO 6375 --- [EmissionLog] [           main] o.h.e.t.j.p.i.JtaPlatformInitiator       : HHH000489: No JTA platform available (set 'hibernate.transaction.jta.platform' to enable JTA platform integration)
2025-03-25T12:54:43.244+02:00  INFO 6375 --- [EmissionLog] [           main] j.LocalContainerEntityManagerFactoryBean : Initialized JPA EntityManagerFactory for persistence unit 'default'
2025-03-25T12:54:44.842+02:00  INFO 6375 --- [EmissionLog] [           main] eAuthenticationProviderManagerConfigurer : Global AuthenticationManager configured with AuthenticationProvider bean with name authenticationProvider
2025-03-25T12:54:44.843+02:00  WARN 6375 --- [EmissionLog] [           main] r$InitializeUserDetailsManagerConfigurer : Global AuthenticationManager configured with an AuthenticationProvider bean. UserDetailsService beans will not be used by Spring Security for automatically configuring username/password login. Consider removing the AuthenticationProvider bean. Alternatively, consider using the UserDetailsService in a manually instantiated DaoAuthenticationProvider. If the current configuration is intentional, to turn off this warning, increase the logging level of 'org.springframework.security.config.annotation.authentication.configuration.InitializeUserDetailsBeanManagerConfigurer' to ERROR
2025-03-25T12:54:48.189+02:00  INFO 6375 --- [EmissionLog] [           main] c.n.e.EmissionLogApplicationTests        : Started EmissionLogApplicationTests in 20.411 seconds (process running for 24.684)
]]></system-out>
    <system-err><![CDATA[Mockito is currently self-attaching to enable the inline-mock-maker. This will no longer work in future releases of the JDK. Please add Mockito as an agent to your build what is described in Mockito's documentation: https://javadoc.io/doc/org.mockito/mockito-core/latest/org/mockito/Mockito.html#0.3
WARNING: A Java agent has been loaded dynamically (/Users/sugirayvan/.m2/repository/net/bytebuddy/byte-buddy-agent/1.15.11/byte-buddy-agent-1.15.11.jar)
WARNING: If a serviceability tool is in use, please run with -XX:+EnableDynamicAgentLoading to hide this warning
WARNING: If a serviceability tool is not in use, please run with -Djdk.instrument.traceUsage for more information
WARNING: Dynamic loading of agents will be disallowed by default in a future release
]]></system-err>
  </testcase>
</testsuite>